c:\users\user\desktop\rustex c++ new\x64\release\vc143.pdb
c:\users\user\desktop\rustex c++ new\x64\release\trampoline.obj
c:\users\user\desktop\rustex c++ new\x64\release\hook.obj
c:\users\user\desktop\rustex c++ new\x64\release\hde64.obj
c:\users\user\desktop\rustex c++ new\x64\release\hde32.obj
c:\users\user\desktop\rustex c++ new\x64\release\buffer.obj
c:\users\user\desktop\rustex c++ new\x64\release\dllmain.obj
c:\users\26\desktop\ремаук\c++\rustex\x64\release\rustex.ipdb
c:\users\26\desktop\ремаук\c++\rustex\x64\release\rustex.iobj
c:\users\26\desktop\remakedlc c++\rustex\x64\release\rustex.ipdb
c:\users\26\desktop\remakedlc c++\rustex\x64\release\rustex.iobj
f:\remakedlc c++\rustex\x64\release\rustex.ipdb
f:\remakedlc c++\rustex\x64\release\rustex.iobj
c:\users\user\desktop\remakedlc c++\rustex\x64\release\rustex.ipdb
c:\users\user\desktop\remakedlc c++\rustex\x64\release\rustex.iobj
c:\users\26\desktop\rustex c++ new\x64\release\rustex.ipdb
c:\users\26\desktop\rustex c++ new\x64\release\rustex.iobj
c:\users\user\desktop\rustex c++ new\x64\release\rustex.ipdb
c:\users\user\desktop\rustex c++ new\x64\release\rustex.iobj
c:\users\user\desktop\rustex c++ new\x64\release\rustex.dll
c:\users\user\desktop\rustex c++ new\x64\release\rustex.pdb
c:\users\user\desktop\rustex c++ new\x64\release\rustex.tlog\cl.command.1.tlog
c:\users\user\desktop\rustex c++ new\x64\release\rustex.tlog\cl.items.tlog
c:\users\user\desktop\rustex c++ new\x64\release\rustex.tlog\cl.read.1.tlog
c:\users\user\desktop\rustex c++ new\x64\release\rustex.tlog\cl.write.1.tlog
c:\users\user\desktop\rustex c++ new\x64\release\rustex.tlog\link.command.1.tlog
c:\users\user\desktop\rustex c++ new\x64\release\rustex.tlog\link.read.1.tlog
c:\users\user\desktop\rustex c++ new\x64\release\rustex.tlog\link.write.1.tlog
c:\users\user\desktop\rustex c++ new\x64\release\rustex.tlog\link.write.2u.tlog
